make.exe all --print-data-base --no-builtin-variables --no-builtin-rules --question
# GNU Make 4.3
# Built for Windows32
# Copyright (C) 1988-2020 Free Software Foundation, Inc.
# License GPLv3+: GNU GPL version 3 or later <http://gnu.org/licenses/gpl.html>
# This is free software: you are free to change and redistribute it.
# There is NO WARRANTY, to the extent permitted by law.

# Make data base, printed on Thu Feb 24 20:20:59 2022

# Variables

# environment
FPS_BROWSER_APP_PROFILE_STRING = Internet Explorer
# environment
SYSTEMDRIVE = C:
# environment
JAVA_HOME = C:\Users\Dennis\Documents\DAT043\java-devel\jdk-15.0.1
# environment
LC_ALL = C
# environment
_MSYS2_BASH = C:\tools\msys64\usr\bin\bash.exe
# environment
USERPROFILE = C:\Users\Dennis
# environment
LOCALAPPDATA = C:\Users\Dennis\AppData\Local
# environment
VSCODE_IPC_HOOK_EXTHOST = \\.\pipe\vscode-ipc-a80f5b66-4946-4782-a7cb-c8a01a3ce050-sock
# environment
VSCODE_CWD = C:\Users\Dennis\AppData\Local\Programs\Microsoft VS Code
# environment
CHOCOLATEYINSTALL = C:\ProgramData\chocolatey
# environment
SYSTEMROOT = C:\WINDOWS
# environment
PROCESSOR_LEVEL = 6
# environment
PSMODULEPATH = C:\Program Files\WindowsPowerShell\Modules;C:\WINDOWS\system32\WindowsPowerShell\v1.0\Modules
# default
MAKE_COMMAND := C:/ProgramData/chocolatey/lib/make/tools/install/bin/make.exe
# automatic
@D = $(patsubst %/,%,$(patsubst %\,%,$(dir $@))) 

# environment
CHROME_CRASHPAD_PIPE_NAME = \\.\pipe\crashpad_7976_GJEIKMRFANPVVXHF
# environment
FPS_BROWSER_USER_PROFILE_STRING = Default
# environment
VSCODE_HANDLES_UNCAUGHT_ERRORS = true
# default
.VARIABLES := 
# automatic
%D = $(patsubst %/,%,$(patsubst %\,%,$(dir $%)))
# automatic
^D = $(patsubst %/,%,$(patsubst %\,%,$(dir $^)))
# environment
VSCODE_LOG_STACK = false
# automatic
%F = $(notdir $%)
# environment
VSCODE_CODE_CACHE_PATH = C:\Users\Dennis\AppData\Roaming\Code\CachedData\f80445acd5a3dadef24aa209168452a3d97cc326
# environment
LANG = C
# default
.LOADED := 
# environment
TMP = C:\Users\Dennis\AppData\Local\Temp
# default
.INCLUDE_DIRS = .
# environment
PROCESSOR_ARCHITEW6432 = AMD64
# makefile
MAKEFLAGS = pqrR
# environment
INTEL_DEV_REDIST = C:\Program Files (x86)\Common Files\Intel\Shared Libraries\
# environment
ONEDRIVE = C:\Users\Dennis\OneDrive
# makefile
CURDIR := c:/Users/Dennis/Documents/TDA384/Lab2
# environment
VSCODE_PIPE_LOGGING = true
# environment
APPLICATION_INSIGHTS_NO_DIAGNOSTIC_CHANNEL = 1
# automatic
*D = $(patsubst %/,%,$(patsubst %\,%,$(dir $*)))
# environment
PROGRAMFILES = C:\Program Files (x86)
# environment
MFLAGS = -pqrR
# default
.SHELLFLAGS := -c
# environment
COMMONPROGRAMW6432 = C:\Program Files\Common Files
# automatic
+D = $(patsubst %/,%,$(patsubst %\,%,$(dir $+)))
# makefile (from 'Makefile', line 1)
MAKEFILE_LIST := Makefile
# automatic
@F = $(notdir $@)
# environment
VSCODE_VERBOSE_LOGGING = true
# environment
VSCODE_PID = 7976
# automatic
?D = $(patsubst %/,%,$(patsubst %\,%,$(dir $?)))
# automatic
*F = $(notdir $*)
# automatic
<D = $(patsubst %/,%,$(patsubst %\,%,$(dir $<)))
# environment
VSCODE_NLS_CONFIG = {"locale":"sv","availableLanguages":{},"_languagePackSupport":true}
# environment
ONEDRIVECONSUMER = C:\Users\Dennis\OneDrive
# default
MAKE_HOST := Windows32
# environment
PROGRAMDATA = C:\ProgramData
# default
SHELL := sh.exe
# environment
HOMEPATH = \Users\Dennis
# default
MAKECMDGOALS := all
# environment
DRIVERDATA = C:\Windows\System32\Drivers\DriverData
# environment
COMSPEC = C:\WINDOWS\system32\cmd.exe
# environment
WINDIR = C:\WINDOWS
# environment
MAKELEVEL := 0
# default
MAKE = $(MAKE_COMMAND)
# environment
PATH = C:\Program Files (x86)\Common Files\Intel\Shared Libraries\redist\intel64_win\compiler;C:\Program Files (x86)\Common Files\Intel\Shared Libraries\redist\ia32_win\compiler;C:\Program Files (x86)\Razer Chroma SDK\bin;C:\Program Files\Razer Chroma SDK\bin;C:\Program Files (x86)\Razer\ChromaBroadcast\bin;C:\Program Files\Razer\ChromaBroadcast\bin;C:\WINDOWS\system32;C:\WINDOWS;C:\WINDOWS\System32\Wbem;C:\WINDOWS\System32\WindowsPowerShell\v1.0\;C:\WINDOWS\System32\OpenSSH\;C:\Users\Dennis\AppData\Local\Microsoft\WindowsApps;D:\Matlab\bin;C:\WINDOWS\system32\config\systemprofile\AppData\Local\Microsoft\WindowsApps;C:\Program Files\NVIDIA Corporation\NVIDIA NvDLISR;C:\Program Files (x86)\NVIDIA Corporation\PhysX\Common;C:\ProgramData\chocolatey\bin;C:\Program Files\Git\cmd;C:\WINDOWS\system32;C:\WINDOWS;C:\WINDOWS\System32\Wbem;C:\WINDOWS\System32\WindowsPowerShell\v1.0\;C:\WINDOWS\System32\OpenSSH\;C:\Users\Dennis\AppData\Local\Microsoft\WindowsApps;C:\Users\Dennis\AppData\Local\Programs\Microsoft VS Code\bin;C:\Users\Dennis\AppData\Roaming\cabal\bin;C:\tools\ghc-9.0.1\bin;C:\tools\msys64;C:\Users\Dennis\AppData\Local\GitHubDesktop\bin;C:\Users\Dennis\AppData\Local\Programs\MiKTeX\miktex\bin\x64\;C:\intelFPGA\20.1\modelsim_ase\win32aloem;C:\Users\Dennis\Documents\Erlang\erl-23.0\bin;
# environment
COMPUTERNAME = DESKTOP-77P4GAI
# default
MAKEFILES := 
# automatic
^F = $(notdir $^)
# environment
_MSYS2_PREFIX = x86_64
# environment
PROMPT = $P$G
# environment
CHOCOLATEYLASTPATHUPDATE = 132710240943979467
# environment
LOGONSERVER = \\DESKTOP-77P4GAI
# environment
VSCODE_LOG_NATIVE = false
# environment
USERNAME = Dennis
# environment
COMMONPROGRAMFILES = C:\Program Files (x86)\Common Files
# automatic
?F = $(notdir $?)
# environment
PROGRAMW6432 = C:\Program Files
# environment
PATHEXT = .COM;.EXE;.BAT;.CMD;.VBS;.VBE;.JS;.JSE;.WSF;.WSH;.MSC
# automatic
+F = $(notdir $+)
# environment
ORIGINAL_XDG_CURRENT_DESKTOP = undefined
# environment
USERDOMAIN = DESKTOP-77P4GAI
# 'override' directive
GNUMAKEFLAGS := 
# environment
OS = Windows_NT
# makefile
.DEFAULT_GOAL := all
# default
MAKE_VERSION := 4.3
# environment
PROGRAMFILES(X86) = C:\Program Files (x86)
# environment
USERDOMAIN_ROAMINGPROFILE = DESKTOP-77P4GAI
# environment
NUMBER_OF_PROCESSORS = 20
# environment
PUBLIC = C:\Users\Public
# environment
APPDATA = C:\Users\Dennis\AppData\Roaming
# environment
HOMEDRIVE = C:
# environment
PROCESSOR_ARCHITECTURE = x86
# environment
VSCODE_AMD_ENTRYPOINT = vs/workbench/services/extensions/node/extensionHostProcess
# environment
COMMONPROGRAMFILES(X86) = C:\Program Files (x86)\Common Files
# environment
ELECTRON_RUN_AS_NODE = 1
# environment
TEMP = C:\Users\Dennis\AppData\Local\Temp
# environment
VSCODE_IPC_HOOK = \\.\pipe\feaa7ef1a98b5f3d655893c747c04261-1.64.2-main-sock
# default
.RECIPEPREFIX := 
# automatic
<F = $(notdir $<)
# default
SUFFIXES := 
# environment
ALLUSERSPROFILE = C:\ProgramData
# environment
SESSIONNAME = Console
# default
.FEATURES := target-specific order-only second-expansion else-if shortest-stem undefine oneshell nocomment grouped-target extra-prereqs archives jobserver output-sync load
# environment
MIC_LD_LIBRARY_PATH = C:\Program Files (x86)\Common Files\Intel\Shared Libraries\compiler\lib\intel64_win_mic
# environment
PROCESSOR_REVISION = 9702
# environment
CHOCOLATEYTOOLSLOCATION = C:\tools
# environment
PROCESSOR_IDENTIFIER = Intel64 Family 6 Model 151 Stepping 2, GenuineIntel
# variable set hash-table stats:
# Load=103/1024=10%, Rehash=0, Collisions=11/133=8%

# Pattern-specific Variable Values

# No pattern-specific variable values.

# Directories

# . (key c:/Users/Dennis/Documents/TDA384/Lab2, mtime 1645730431): 16 files, no impossibilities.
# lib (key c:/Users/Dennis/Documents/TDA384/Lab2/lib, mtime 1644576966): 13 files, no impossibilities.

# 29 files, no impossibilities in 2 directories.

# Implicit Rules

# No implicit rules.

# Files

# Not a target:
server.erl:
#  Implicit rule search has been done.
#  Last modified 2022-02-24 20:05:40
#  File has been updated.
#  Successfully updated.

# Not a target:
channel.erl:
#  Implicit rule search has been done.
#  Last modified 2022-02-24 20:20:50
#  File has been updated.
#  Successfully updated.

# Not a target:
lib/genserver.erl:
#  Implicit rule search has been done.
#  Last modified 2022-02-24 19:55:30
#  File has been updated.
#  Successfully updated.

run_tests: all
#  Implicit rule search has not been done.
#  Modification time never checked.
#  File has not been updated.
#  recipe to execute (from 'Makefile', line 9):
	erl -noshell -eval "eunit:test(test_client), halt()"

# Not a target:
Makefile:
#  Implicit rule search has been done.
#  Last modified 2018-11-19 10:24:06
#  File has been updated.
#  Successfully updated.

# Not a target:
lib/grm.erl:
#  Implicit rule search has been done.
#  Last modified 2022-02-11 11:56:06
#  File has been updated.
#  Successfully updated.

clean:
#  Implicit rule search has not been done.
#  Modification time never checked.
#  File has not been updated.
#  recipe to execute (from 'Makefile', line 6):
	rm -f *.beam *.dump

# Not a target:
lib/lexgrm.erl:
#  Implicit rule search has been done.
#  Last modified 2018-11-19 10:24:06
#  File has been updated.
#  Successfully updated.

# Not a target:
lib/dummy_gui.erl:
#  Implicit rule search has been done.
#  Last modified 2018-11-19 10:24:06
#  File has been updated.
#  Successfully updated.

# Not a target:
lib/lex.erl:
#  Implicit rule search has been done.
#  Last modified 2022-02-11 11:56:06
#  File has been updated.
#  Successfully updated.

# Not a target:
lib/gui.erl:
#  Implicit rule search has been done.
#  Last modified 2018-11-19 10:24:06
#  File has been updated.
#  Successfully updated.

# Not a target:
client.erl:
#  Implicit rule search has been done.
#  Last modified 2022-02-24 20:08:31
#  File has been updated.
#  Successfully updated.

# Not a target:
.DEFAULT:
#  Implicit rule search has not been done.
#  Modification time never checked.
#  File has not been updated.

all: channel.erl client.erl server.erl lib/cchat.erl lib/dummy_gui.erl lib/genserver.erl lib/grm.erl lib/gui.erl lib/lex.erl lib/lexgrm.erl lib/test_client.erl
#  Command line target.
#  Implicit rule search has not been done.
#  Implicit/static pattern stem: ''
#  File does not exist.
#  File has been updated.
#  Needs to be updated (-q is set).
# automatic
# @ := all
# automatic
# * := 
# automatic
# < := channel.erl
# automatic
# + := channel.erl client.erl server.erl lib/cchat.erl lib/dummy_gui.erl lib/genserver.erl lib/grm.erl lib/gui.erl lib/lex.erl lib/lexgrm.erl lib/test_client.erl
# automatic
# % := 
# automatic
# ^ := channel.erl client.erl server.erl lib/cchat.erl lib/dummy_gui.erl lib/genserver.erl lib/grm.erl lib/gui.erl lib/lex.erl lib/lexgrm.erl lib/test_client.erl
# automatic
# ? := channel.erl client.erl server.erl lib/cchat.erl lib/dummy_gui.erl lib/genserver.erl lib/grm.erl lib/gui.erl lib/lex.erl lib/lexgrm.erl lib/test_client.erl
# automatic
# | := 
# variable set hash-table stats:
# Load=8/32=25%, Rehash=0, Collisions=1/11=9%
#  recipe to execute (from 'Makefile', line 2):
	make -C lib
	erl -compile *.erl lib/*.erl

# Not a target:
lib/cchat.erl:
#  Implicit rule search has been done.
#  Last modified 2018-11-19 10:24:06
#  File has been updated.
#  Successfully updated.

# Not a target:
lib/test_client.erl:
#  Implicit rule search has been done.
#  Last modified 2019-06-13 13:16:08
#  File has been updated.
#  Successfully updated.

# Not a target:
.SUFFIXES:
#  Implicit rule search has not been done.
#  Modification time never checked.
#  File has not been updated.

# files hash-table stats:
# Load=17/1024=2%, Rehash=0, Collisions=1/41=2%
# VPATH Search Paths

# No 'vpath' search paths.

# No general ('VPATH' variable) search path.

# strcache buffers: 1 (0) / strings = 39 / storage = 422 B / avg = 10 B
# current buf: size = 8174 B / used = 422 B / count = 39 / avg = 10 B

# strcache performance: lookups = 56 / hit rate = 30%
# hash-table stats:
# Load=39/8192=0%, Rehash=0, Collisions=0/56=0%
# Finished Make data base on Thu Feb 24 20:20:59 2022

 
